#
# A fatal error has been detected by the Java Runtime Environment:
#
#  SIGSEGV (0xb) at pc=0x00002aaab398f440, pid=9286, tid=1105500480
#
# JRE version: 6.0_22-b22
# Java VM: OpenJDK 64-Bit Server VM (20.0-b11 mixed mode linux-amd64 compressed oops)
# Derivative: IcedTea6 1.10.6
# Distribution: CentOS release 5.7 (Final), package rhel-1.25.1.10.6.el5_8-x86_64
# Problematic frame:
# C  [im-scim-bridge.so+0xa440]  scim_bridge_client_close_messenger+0x60
#
# If you would like to submit a bug report, please include
# instructions how to reproduce the bug and visit:
#   http://icedtea.classpath.org/bugzilla
#

---------------  T H R E A D  ---------------

Current thread (0x000000001bc81800):  VMThread [stack: 0x0000000041d49000,0x0000000041e4a000] [id=9292]

siginfo:si_signo=SIGSEGV: si_errno=0, si_code=1 (SEGV_MAPERR), si_addr=0x00002aab0000000f

Registers:
RAX=0x0000000000000000, RBX=0x00002aaaffffffff, RCX=0x00002aaab5fb8630, RDX=0x00002aaab41e8ec0
RSP=0x0000000041e48dd0, RBP=0x0000000000000000, RSI=0x00000000ffffffff, RDI=0x00002aaab560ea30
R8 =0x0000000041e49940, R9 =0x000000001c2840d0, R10=0x0000000000000000, R11=0x0000000000000206
R12=0x000000001bc80eb0, R13=0x000000001bc2e2f0, R14=0x000000001bc2e300, R15=0x000000001bc2e6d8
RIP=0x00002aaab398f440, EFLAGS=0x0000000000010206, CSGSFS=0x0000000000000033, ERR=0x0000000000000004
  TRAPNO=0x000000000000000e

Top of Stack: (sp=0x0000000041e48dd0)
0x0000000041e48dd0:   0000000000000000 00002aaab398f76f
0x0000000041e48de0:   0000000000000000 00002aaab398a717
0x0000000041e48df0:   0000000000000000 0000003c01e334f5
0x0000000041e48e00:   0000000000000000 0000000041e48e30
0x0000000041e48e10:   000000001bc80eb0 00002ba59ee382f7
0x0000000041e48e20:   0000000041e48e90 0000000041a44900
0x0000000041e48e30:   0000000041e48e70 00002ba59f197e8c
0x0000000041e48e40:   000000004f7c43ed 0000000041a44900
0x0000000041e48e50:   000000001bc80eb0 00002ba59f5845e0
0x0000000041e48e60:   000000001bc2e2f0 000000001bc2e300
0x0000000041e48e70:   0000000041e48ef0 00002ba59f196ab3
0x0000000041e48e80:   000000001bc18770 000000001bc2e6d8
0x0000000041e48e90:   0000000000000000 00000003f865f21b
0x0000000041e48ea0:   0000000000000001 000000001bc82c80
0x0000000041e48eb0:   0000000000000000 000000049f00c16e
0x0000000041e48ec0:   000000001bc174f0 0000000000000000
0x0000000041e48ed0:   00002ba59f5a3c70 00002ba59f5c2e70
0x0000000041e48ee0:   0000000000000000 00002ba59f5c2e78
0x0000000041e48ef0:   0000000041e48f80 00002ba59f1972c4
0x0000000041e48f00:   0000000041e4a000 0000000041e48f20
0x0000000041e48f10:   000000001bc81800 000000001bc175f0
0x0000000041e48f20:   000000001bc81800 000000001bc124f0
0x0000000041e48f30:   000000001bc81e90 000000001bc81ea0
0x0000000041e48f40:   000000001bc82278 000000001bc82280
0x0000000041e48f50:   0000000041e48f80 00002ba59f5a6948
0x0000000041e48f60:   000000001bc17870 000000001bc81800
0x0000000041e48f70:   000000001bc81800 0000000041e4a000
0x0000000041e48f80:   0000000041e48fe0 00002ba59f197450
0x0000000041e48f90:   000000001bc81800 0000000000000000
0x0000000041e48fa0:   0000000041e48fe0 00002ba59f00c16e
0x0000000041e48fb0:   0000000000c82d00 0000000000000000
0x0000000041e48fc0:   000000001bc82d00 0000000000000000 

Instructions: (pc=0x00002aaab398f440)
0x00002aaab398f420:   00 c7 05 39 86 20 00 ff ff ff ff c7 05 1b 86 20
0x00002aaab398f430:   00 03 00 00 00 48 85 db 74 1d 66 0f 1f 44 00 00
0x00002aaab398f440:   48 8b 7b 10 be ff ff ff ff e8 fa ac ff ff 48 8b
0x00002aaab398f450:   5b 08 48 85 db 75 e9 31 c0 e8 5a a9 ff ff 5b 31 

Register to memory mapping:

RAX=0x0000000000000000 is an unknown value
RBX=0x00002aaaffffffff is an unknown value
RCX=0x00002aaab5fb8630 is an unknown value
RDX=0x00002aaab41e8ec0 is an unknown value
RSP=0x0000000041e48dd0 is an unknown value
RBP=0x0000000000000000 is an unknown value
RSI=0x00000000ffffffff is an unallocated location in the heap
RDI=0x00002aaab560ea30 is an unknown value
R8 =0x0000000041e49940 is an unknown value
R9 =0x000000001c2840d0 is an unknown value
R10=0x0000000000000000 is an unknown value
R11=0x0000000000000206 is an unknown value
R12=0x000000001bc80eb0 is an unknown value
R13=0x000000001bc2e2f0 is an unknown value
R14=0x000000001bc2e300 is an unknown value
R15=0x000000001bc2e6d8 is an unknown value


Stack: [0x0000000041d49000,0x0000000041e4a000],  sp=0x0000000041e48dd0,  free space=1023k
Native frames: (J=compiled Java code, j=interpreted, Vv=VM code, C=native code)
C  [im-scim-bridge.so+0xa440]  scim_bridge_client_close_messenger+0x60

[error occurred during error reporting (printing native stack), id 0xb]

VM_Operation (0x0000000041a44900): Exit, mode: safepoint, requested by thread 0x000000001bc19800


---------------  P R O C E S S  ---------------

Java Threads: ( => current thread )
  0x000000001d49b000 JavaThread "Thread-24" daemon [_thread_blocked, id=9433, stack(0x0000000042854000,0x0000000042955000)]
  0x000000001bcb8000 JavaThread "Low Memory Detector" daemon [_thread_blocked, id=9298, stack(0x000000004234f000,0x0000000042450000)]
  0x000000001bcb6000 JavaThread "C2 CompilerThread1" daemon [_thread_blocked, id=9297, stack(0x000000004224e000,0x000000004234f000)]
  0x000000001bcb0000 JavaThread "C2 CompilerThread0" daemon [_thread_blocked, id=9296, stack(0x000000004214d000,0x000000004224e000)]
  0x000000001bcaf000 JavaThread "Signal Dispatcher" daemon [_thread_blocked, id=9295, stack(0x000000004204c000,0x000000004214d000)]
  0x000000001bc8a800 JavaThread "Finalizer" daemon [_thread_blocked, id=9294, stack(0x0000000041f4b000,0x000000004204c000)]
  0x000000001bc88800 JavaThread "Reference Handler" daemon [_thread_blocked, id=9293, stack(0x0000000041e4a000,0x0000000041f4b000)]
  0x000000001bc19800 JavaThread "main" [_thread_blocked, id=9287, stack(0x0000000041945000,0x0000000041a46000)]

Other Threads:
=>0x000000001bc81800 VMThread [stack: 0x0000000041d49000,0x0000000041e4a000] [id=9292]

VM state:at safepoint (shutting down)

VM Mutex/Monitor currently owned by a thread:  ([mutex/lock_event])
[0x000000001bc17570] Threads_lock - owner thread: 0x000000001bc81800

Heap
 PSYoungGen      total 136768K, used 74639K [0x00000000f5560000, 0x00000000ff250000, 0x0000000100000000)
  eden space 119360K, 47% used [0x00000000f5560000,0x00000000f8d44278,0x00000000fc9f0000)
  from space 17408K, 99% used [0x00000000fdd10000,0x00000000fee0fc38,0x00000000fee10000)
  to   space 19584K, 0% used [0x00000000fc9f0000,0x00000000fc9f0000,0x00000000fdd10000)
 PSOldGen        total 174784K, used 84087K [0x00000000e0000000, 0x00000000eaab0000, 0x00000000f5560000)
  object space 174784K, 48% used [0x00000000e0000000,0x00000000e521ddb8,0x00000000eaab0000)
 PSPermGen       total 169152K, used 106268K [0x00000000d0000000, 0x00000000da530000, 0x00000000e0000000)
  object space 169152K, 62% used [0x00000000d0000000,0x00000000d67c7288,0x00000000da530000)

Code Cache  [0x00002aaaab35e000, 0x00002aaaac00e000, 0x00002aaaae35e000)
 total_blobs=3443 nmethods=2647 adapters=748 free_code_cache=37165056 largest_free_block=14400

Dynamic libraries:
00400000-00409000 r-xp 00000000 08:03 226659780                          /usr/lib/jvm/java-1.6.0-openjdk-1.6.0.0.x86_64/jre/bin/java
00608000-0060a000 rw-p 00008000 08:03 226659780                          /usr/lib/jvm/java-1.6.0-openjdk-1.6.0.0.x86_64/jre/bin/java
1bc10000-2a740000 rw-p 1bc10000 00:00 0                                  [heap]
403c9000-403cc000 ---p 403c9000 00:00 0 
403cc000-404ca000 rw-p 403cc000 00:00 0 
40748000-4074b000 ---p 40748000 00:00 0 
4074b000-40849000 rw-p 4074b000 00:00 0 
40a94000-40a97000 ---p 40a94000 00:00 0 
40a97000-40b95000 rw-p 40a97000 00:00 0 
40b95000-40b98000 ---p 40b95000 00:00 0 
40b98000-40c96000 rw-p 40b98000 00:00 0 
40f1c000-40f1f000 ---p 40f1c000 00:00 0 
40f1f000-4101d000 rw-p 40f1f000 00:00 0 
41127000-4112a000 ---p 41127000 00:00 0 
4112a000-41228000 rw-p 4112a000 00:00 0 
41265000-41268000 ---p 41265000 00:00 0 
41268000-41366000 rw-p 41268000 00:00 0 
41366000-41369000 ---p 41366000 00:00 0 
41369000-41467000 rw-p 41369000 00:00 0 
414b6000-414b9000 ---p 414b6000 00:00 0 
414b9000-415b7000 rw-p 414b9000 00:00 0 
415d0000-415d3000 ---p 415d0000 00:00 0 
415d3000-416d1000 rw-p 415d3000 00:00 0 
41748000-41749000 ---p 41748000 00:00 0 
41749000-41849000 rw-p 41749000 00:00 0 
41945000-41948000 ---p 41945000 00:00 0 
41948000-41a46000 rw-p 41948000 00:00 0 
41a46000-41a47000 ---p 41a46000 00:00 0 
41a47000-41b47000 rw-p 41a47000 00:00 0 
41b47000-41b48000 ---p 41b47000 00:00 0 
41b48000-41c48000 rw-p 41b48000 00:00 0 
41c48000-41c49000 ---p 41c48000 00:00 0 
41c49000-41d49000 rw-p 41c49000 00:00 0 
41d49000-41d4a000 ---p 41d49000 00:00 0 
41d4a000-41e4a000 rw-p 41d4a000 00:00 0 
41e4a000-41e4d000 ---p 41e4a000 00:00 0 
41e4d000-41f4b000 rw-p 41e4d000 00:00 0 
41f4b000-41f4e000 ---p 41f4b000 00:00 0 
41f4e000-4204c000 rw-p 41f4e000 00:00 0 
4204c000-4204f000 ---p 4204c000 00:00 0 
4204f000-4214d000 rw-p 4204f000 00:00 0 
4214d000-42150000 ---p 4214d000 00:00 0 
42150000-4224e000 rw-p 42150000 00:00 0 
4224e000-42251000 ---p 4224e000 00:00 0 
42251000-4234f000 rw-p 42251000 00:00 0 
4234f000-42352000 ---p 4234f000 00:00 0 
42352000-42450000 rw-p 42352000 00:00 0 
42450000-42451000 ---p 42450000 00:00 0 
42451000-42551000 rw-p 42451000 00:00 0 
42652000-42655000 ---p 42652000 00:00 0 
42655000-42753000 rw-p 42655000 00:00 0 
42753000-42756000 ---p 42753000 00:00 0 
42756000-42854000 rw-p 42756000 00:00 0 
42854000-42857000 ---p 42854000 00:00 0 
42857000-42955000 rw-p 42857000 00:00 0 
42955000-42958000 ---p 42955000 00:00 0 
42958000-42a56000 rw-p 42958000 00:00 0 
42b57000-42b5a000 ---p 42b57000 00:00 0 
42b5a000-42c58000 rw-p 42b5a000 00:00 0 
42c58000-42c5b000 ---p 42c58000 00:00 0 
42c5b000-42d59000 rw-p 42c5b000 00:00 0 
42e5a000-42e5d000 ---p 42e5a000 00:00 0 
42e5d000-42f5b000 rw-p 42e5d000 00:00 0 
4305c000-4305f000 ---p 4305c000 00:00 0 
4305f000-4315d000 rw-p 4305f000 00:00 0 
4315d000-4315e000 ---p 4315d000 00:00 0 
4315e000-4955e000 rw-p 4315e000 00:00 0 
4955e000-4955f000 ---p 4955e000 00:00 0 
4955f000-4f95f000 rw-p 4955f000 00:00 0 
4f95f000-4f960000 ---p 4f95f000 00:00 0 
4f960000-55d60000 rw-p 4f960000 00:00 0 
55d60000-55d61000 ---p 55d60000 00:00 0 
55d61000-5c161000 rw-p 55d61000 00:00 0 
5c161000-5c162000 ---p 5c161000 00:00 0 
5c162000-62562000 rw-p 5c162000 00:00 0 
62562000-62563000 ---p 62562000 00:00 0 
62563000-68963000 rw-p 62563000 00:00 0 
68963000-68964000 ---p 68963000 00:00 0 
68964000-6ed64000 rw-p 68964000 00:00 0 
75266000-75269000 ---p 75266000 00:00 0 
75269000-75367000 rw-p 75269000 00:00 0 
75468000-7546b000 ---p 75468000 00:00 0 
7546b000-75569000 rw-p 7546b000 00:00 0 
75569000-7556c000 ---p 75569000 00:00 0 
7556c000-7566a000 rw-p 7556c000 00:00 0 
75b6f000-75b70000 ---p 75b6f000 00:00 0 
75b70000-7bf70000 rw-p 75b70000 00:00 0 
d0000000-da530000 rw-p d0000000 00:00 0 
da530000-e0000000 rw-p da530000 00:00 0 
e0000000-eaab0000 rw-p e0000000 00:00 0 
eaab0000-f5560000 rw-p eaab0000 00:00 0 
f5560000-ff250000 rw-p f5560000 00:00 0 
ff250000-100000000 ---p ff250000 00:00 0 
32eb800000-32eb807000 r-xp 00000000 08:03 226402372                      /usr/lib64/libpopt.so.0.0.0
32eb807000-32eba07000 ---p 00007000 08:03 226402372                      /usr/lib64/libpopt.so.0.0.0
32eba07000-32eba08000 rw-p 00007000 08:03 226402372                      /usr/lib64/libpopt.so.0.0.0
32ebc00000-32ebc68000 r-xp 00000000 08:03 226403071                      /usr/lib64/libbonoboui-2.so.0.0.0
32ebc68000-32ebe68000 ---p 00068000 08:03 226403071                      /usr/lib64/libbonoboui-2.so.0.0.0
32ebe68000-32ebe6d000 rw-p 00068000 08:03 226403071                      /usr/lib64/libbonoboui-2.so.0.0.0
32ec000000-32ec016000 r-xp 00000000 08:03 226403056                      /usr/lib64/libgnome-2.so.0.1600.0
32ec016000-32ec215000 ---p 00016000 08:03 226403056                      /usr/lib64/libgnome-2.so.0.1600.0
32ec215000-32ec217000 rw-p 00015000 08:03 226403056                      /usr/lib64/libgnome-2.so.0.1600.0
32ec400000-32ec493000 r-xp 00000000 08:03 226403085                      /usr/lib64/libgnomeui-2.so.0.1600.0
32ec493000-32ec693000 ---p 00093000 08:03 226403085                      /usr/lib64/libgnomeui-2.so.0.1600.0
32ec693000-32ec699000 rw-p 00093000 08:03 226403085                      /usr/lib64/libgnomeui-2.so.0.1600.0
3c01a00000-3c01a1c000 r-xp 00000000 08:03 215973913                      /lib64/ld-2.5.so
3c01c1c000-3c01c1d000 r--p 0001c000 08:03 215973913                      /lib64/ld-2.5.so
3c01c1d000-3c01c1e000 rw-p 0001d000 08:03 215973913                      /lib64/ld-2.5.so
3c01e00000-3c01f4f000 r-xp 00000000 08:03 215973915                      /lib64/libc-2.5.so
3c01f4f000-3c0214e000 ---p 0014f000 08:03 215973915                      /lib64/libc-2.5.so
3c0214e000-3c02152000 r--p 0014e000 08:03 215973915                      /lib64/libc-2.5.so
3c02152000-3c02153000 rw-p 00152000 08:03 215973915                      /lib64/libc-2.5.so
3c02153000-3c02158000 rw-p 3c02153000 00:00 0 
3c02200000-3c02204000 r-xp 00000000 08:03 226659735                      /usr/lib/jvm/java-1.6.0-openjdk-1.6.0.0.x86_64/jre/lib/amd64/jli/libjli.so
3c02204000-3c02403000 ---p 00004000 08:03 226659735                      /usr/lib/jvm/java-1.6.0-openjdk-1.6.0.0.x86_64/jre/lib/amd64/jli/libjli.so
3c02403000-3c02404000 rw-p 00003000 08:03 226659735                      /usr/lib/jvm/java-1.6.0-openjdk-1.6.0.0.x86_64/jre/lib/amd64/jli/libjli.so
3c02600000-3c02602000 r-xp 00000000 08:03 215973952                      /lib64/libdl-2.5.so
3c02602000-3c02802000 ---p 00002000 08:03 215973952                      /lib64/libdl-2.5.so
3c02802000-3c02803000 r--p 00002000 08:03 215973952                      /lib64/libdl-2.5.so
3c02803000-3c02804000 rw-p 00003000 08:03 215973952                      /lib64/libdl-2.5.so
3c02a00000-3c02a16000 r-xp 00000000 08:03 215974092                      /lib64/libpthread-2.5.so
3c02a16000-3c02c15000 ---p 00016000 08:03 215974092                      /lib64/libpthread-2.5.so
3c02c15000-3c02c16000 r--p 00015000 08:03 215974092                      /lib64/libpthread-2.5.so
3c02c16000-3c02c17000 rw-p 00016000 08:03 215974092                      /lib64/libpthread-2.5.so
3c02c17000-3c02c1b000 rw-p 3c02c17000 00:00 0 
3c02e00000-3c02e14000 r-xp 00000000 08:03 226416125                      /usr/lib64/libz.so.1.2.3
3c02e14000-3c03013000 ---p 00014000 08:03 226416125                      /usr/lib64/libz.so.1.2.3
3c03013000-3c03014000 rw-p 00013000 08:03 226416125                      /usr/lib64/libz.so.1.2.3
3c03200000-3c03305000 r-xp 00000000 08:03 50889077                       /usr/lib64/libX11.so.6.2.0
3c03305000-3c03505000 ---p 00105000 08:03 50889077                       /usr/lib64/libX11.so.6.2.0
3c03505000-3c0350c000 rw-p 00105000 08:03 50889077                       /usr/lib64/libX11.so.6.2.0
3c03600000-3c03605000 r-xp 00000000 08:03 50889076                       /usr/lib64/libXdmcp.so.6.0.0
3c03605000-3c03804000 ---p 00005000 08:03 50889076                       /usr/lib64/libXdmcp.so.6.0.0
3c03804000-3c03805000 rw-p 00004000 08:03 50889076                       /usr/lib64/libXdmcp.so.6.0.0
3c03a00000-3c03a02000 r-xp 00000000 08:03 50889075                       /usr/lib64/libXau.so.6.0.0
3c03a02000-3c03c01000 ---p 00002000 08:03 50889075                       /usr/lib64/libXau.so.6.0.0
3c03c01000-3c03c02000 rw-p 00001000 08:03 50889075                       /usr/lib64/libXau.so.6.0.0
3c03e00000-3c03e10000 r-xp 00000000 08:03 50889090                       /usr/lib64/libXext.so.6.4.0
3c03e10000-3c04010000 ---p 00010000 08:03 50889090                       /usr/lib64/libXext.so.6.4.0
3c04010000-3c04011000 rw-p 00010000 08:03 50889090                       /usr/lib64/libXext.so.6.4.0
3c04200000-3c0427f000 r-xp 00000000 08:03 226419385                      /usr/lib64/libfreetype.so.6.3.10
3c0427f000-3c0447f000 ---p 0007f000 08:03 226419385                      /usr/lib64/libfreetype.so.6.3.10
3c0447f000-3c04484000 rw-p 0007f000 08:03 226419385                      /usr/lib64/libfreetype.so.6.3.10
3c04600000-3c04629000 r-xp 00000000 08:03 50888973                       /usr/lib64/libfontconfig.so.1.1.0
3c04629000-3c04829000 ---p 00029000 08:03 50888973                       /usr/lib64/libfontconfig.so.1.1.0
3c04829000-3c04833000 rw-p 00029000 08:03 50888973                       /usr/lib64/libfontconfig.so.1.1.0
3c04833000-3c04834000 rw-p 3c04833000 00:00 0 
3c04a00000-3c04a20000 r-xp 00000000 08:03 215973949                      /lib64/libexpat.so.0.5.0
3c04a20000-3c04c1f000 ---p 00020000 08:03 215973949                      /lib64/libexpat.so.0.5.0
3c04c1f000-3c04c22000 rw-p 0001f000 08:03 215973949                      /lib64/libexpat.so.0.5.0
3c04e00000-3c04e23000 r-xp 00000000 08:03 50889074                       /usr/lib64/libpng12.so.0.10.0
3c04e23000-3c05023000 ---p 00023000 08:03 50889074                       /usr/lib64/libpng12.so.0.10.0
3c05023000-3c05024000 rw-p 00023000 08:03 50889074                       /usr/lib64/libpng12.so.0.10.0
3c05200000-3c05209000 r-xp 00000000 08:03 50889078                       /usr/lib64/libXrender.so.1.3.0
3c05209000-3c05408000 ---p 00009000 08:03 50889078                       /usr/lib64/libXrender.so.1.3.0
3c05408000-3c05409000 rw-p 00008000 08:03 50889078                       /usr/lib64/libXrender.so.1.3.0
3c05600000-3c05605000 r-xp 00000000 08:03 226420102                      /usr/lib64/libXfixes.so.3.1.0
3c05605000-3c05804000 ---p 00005000 08:03 226420102                      /usr/lib64/libXfixes.so.3.1.0
3c05804000-3c05805000 rw-p 00004000 08:03 226420102                      /usr/lib64/libXfixes.so.3.1.0
3c05a00000-3c05a02000 r-xp 00000000 08:03 50889104                       /usr/lib64/libXinerama.so.1.0.0
3c05a02000-3c05c01000 ---p 00002000 08:03 50889104                       /usr/lib64/libXinerama.so.1.0.0
3c05c01000-3c05c02000 rw-p 00001000 08:03 50889104                       /usr/lib64/libXinerama.so.1.0.0
3c05e00000-3c05e03000 r-xp 00000000 08:03 50889091                       /usr/lib64/libXrandr.so.2.0.0
3c05e03000-3c06002000 ---p 00003000 08:03 50889091                       /usr/lib64/libXrandr.so.2.0.0
3c06002000-3c06003000 rw-p 00002000 08:03 50889091                       /usr/lib64/libXrandr.so.2.0.0
3c06200000-3c06209000 r-xp 00000000 08:03 50889103                       /usr/lib64/libXcursor.so.1.0.2
3c06209000-3c06409000 ---p 00009000 08:03 50889103                       /usr/lib64/libXcursor.so.1.0.2
3c06409000-3c0640a000 rw-p 00009000 08:03 50889103                       /usr/lib64/libXcursor.so.1.0.2
3c06600000-3c06607000 r-xp 00000000 08:03 215974097                      /lib64/librt-2.5.so
3c06607000-3c06807000 ---p 00007000 08:03 215974097                      /lib64/librt-2.5.so
3c06807000-3c06808000 r--p 00007000 08:03 215974097                      /lib64/librt-2.5.so
3c06808000-3c06809000 rw-p 00008000 08:03 215974097                      /lib64/librt-2.5.so
3c06a00000-3c06a9d000 r-xp 00000000 08:03 215974118                      /lib64/libglib-2.0.so.0.1200.3
3c06a9d000-3c06c9c000 ---p 0009d000 08:03 215974118                      /lib64/libglib-2.0.so.0.1200.3
3c06c9c000-3c06c9e000 rw-p 0009c000 08:03 215974118                      /lib64/libglib-2.0.so.0.1200.3
3c06e00000-3c06e0d000 r-xp 00000000 08:03 215973953                      /lib64/libgcc_s-4.1.2-20080825.so.1
3c06e0d000-3c0700d000 ---p 0000d000 08:03 215973953                      /lib64/libgcc_s-4.1.2-20080825.so.1
3c0700d000-3c0700e000 rw-p 0000d000 08:03 215973953                      /lib64/libgcc_s-4.1.2-20080825.so.1
3c07200000-3c0723e000 r-xp 00000000 08:03 215974129                      /lib64/libgobject-2.0.so.0.1200.3
3c0723e000-3c0743e000 ---p 0003e000 08:03 215974129                      /lib64/libgobject-2.0.so.0.1200.3
3c0743e000-3c07440000 rw-p 0003e000 08:03 215974129                      /lib64/libgobject-2.0.so.0.1200.3
3c07600000-3c07621000 r-xp 00000000 08:03 226421966                      /usr/lib64/libjpeg.so.62.0.0
3c07621000-3c07820000 ---p 00021000 08:03 226421966                      /usr/lib64/libjpeg.so.62.0.0
3c07820000-3c07821000 rw-p 00020000 08:03 226421966                      /usr/lib64/libjpeg.so.62.0.0
3c07a00000-3c07a09000 r-xp 00000000 08:03 50889093                       /usr/lib64/libSM.so.6.0.0
3c07a09000-3c07c09000 ---p 00009000 08:03 50889093                       /usr/lib64/libSM.so.6.0.0
3c07c09000-3c07c0a000 rw-p 00009000 08:03 50889093                       /usr/lib64/libSM.so.6.0.0
3c07e00000-3c07e17000 r-xp 00000000 08:03 226410482                      /usr/lib64/libICE.so.6.3.0
3c07e17000-3c08016000 ---p 00017000 08:03 226410482                      /usr/lib64/libICE.so.6.3.0
3c08016000-3c08018000 rw-p 00016000 08:03 226410482                      /usr/lib64/libICE.so.6.3.0
3c08018000-3c0801b000 rw-p 3c08018000 00:00 0 
3c08200000-3c08203000 r-xp 00000000 08:03 215974127                      /lib64/libgmodule-2.0.so.0.1200.3
3c08203000-3c08402000 ---p 00003000 08:03 215974127                      /lib64/libgmodule-2.0.so.0.1200.3
3c08402000-3c08403000 rw-p 00002000 08:03 215974127                      /lib64/libgmodule-2.0.so.0.1200.3
3c08600000-3c086e6000 r-xp 00000000 08:03 50889080                       /usr/lib64/libstdc++.so.6.0.8
3c086e6000-3c088e5000 ---p 000e6000 08:03 50889080                       /usr/lib64/libstdc++.so.6.0.8
3c088e5000-3c088eb000 r--p 000e5000 08:03 50889080                       /usr/lib64/libstdc++.so.6.0.8
3c088eb000-3c088ee000 rw-p 000eb000 08:03 50889080                       /usr/lib64/libstdc++.so.6.0.8
3c088ee000-3c08900000 rw-p 3c088ee000 00:00 0 
3c08a00000-3c08a15000 r-xp 00000000 08:03 215973962                      /lib64/libselinux.so.1
3c08a15000-3c08c15000 ---p 00015000 08:03 215973962                      /lib64/libselinux.so.1
3c08c15000-3c08c17000 rw-p 00015000 08:03 215973962                      /lib64/libselinux.so.1
3c08c17000-3c08c18000 rw-p 3c08c17000 00:00 0 
3c08e00000-3c08e3b000 r-xp 00000000 08:03 215973961                      /lib64/libsepol.so.1
3c08e3b000-3c0903b000 ---p 0003b000 08:03 215973961                      /lib64/libsepol.so.1
3c0903b000-3c0903c000 rw-p 0003b000 08:03 215973961                      /lib64/libsepol.so.1
3c0903c000-3c09046000 rw-p 3c0903c000 00:00 0 
3c09200000-3c09217000 r-xp 00000000 08:03 226423722                      /usr/lib64/libgdk_pixbuf-2.0.so.0.1000.4
3c09217000-3c09416000 ---p 00017000 08:03 226423722                      /usr/lib64/libgdk_pixbuf-2.0.so.0.1000.4
3c09416000-3c09417000 rw-p 00016000 08:03 226423722                      /usr/lib64/libgdk_pixbuf-2.0.so.0.1000.4
3c09600000-3c09667000 r-xp 00000000 08:03 50889079                       /usr/lib64/libcairo.so.2.9.2
3c09667000-3c09866000 ---p 00067000 08:03 50889079                       /usr/lib64/libcairo.so.2.9.2
3c09866000-3c09869000 rw-p 00066000 08:03 50889079                       /usr/lib64/libcairo.so.2.9.2
3c09a00000-3c09a08000 r-xp 00000000 08:03 50889112                       /usr/lib64/libXi.so.6.0.0
3c09a08000-3c09c07000 ---p 00008000 08:03 50889112                       /usr/lib64/libXi.so.6.0.0
3c09c07000-3c09c08000 rw-p 00007000 08:03 50889112                       /usr/lib64/libXi.so.6.0.0
3c09e00000-3c0a174000 r-xp 00000000 08:03 50889115                       /usr/lib64/libgtk-x11-2.0.so.0.1000.4
3c0a174000-3c0a373000 ---p 00374000 08:03 50889115                       /usr/lib64/libgtk-x11-2.0.so.0.1000.4
3c0a373000-3c0a37d000 rw-p 00373000 08:03 50889115                       /usr/lib64/libgtk-x11-2.0.so.0.1000.4
3c0a37d000-3c0a37f000 rw-p 3c0a37d000 00:00 0 
3c0a400000-3c0a48f000 r-xp 00000000 08:03 50889113                       /usr/lib64/libgdk-x11-2.0.so.0.1000.4
3c0a48f000-3c0a68e000 ---p 0008f000 08:03 50889113                       /usr/lib64/libgdk-x11-2.0.so.0.1000.4
3c0a68e000-3c0a693000 rw-p 0008e000 08:03 50889113                       /usr/lib64/libgdk-x11-2.0.so.0.1000.4
3c0a800000-3c0a83e000 r-xp 00000000 08:03 50889109                       /usr/lib64/libpango-1.0.so.0.1400.9
3c0a83e000-3c0aa3d000 ---p 0003e000 08:03 50889109                       /usr/lib64/libpango-1.0.so.0.1400.9
3c0aa3d000-3c0aa40000 rw-p 0003d000 08:03 50889109                       /usr/lib64/libpango-1.0.so.0.1400.9
3c0ac00000-3c0ac08000 r-xp 00000000 08:03 50889111                       /usr/lib64/libpangocairo-1.0.so.0.1400.9
3c0ac08000-3c0ae08000 ---p 00008000 08:03 50889111                       /usr/lib64/libpangocairo-1.0.so.0.1400.9
3c0ae08000-3c0ae09000 rw-p 00008000 08:03 50889111                       /usr/lib64/libpangocairo-1.0.so.0.1400.9
3c0b000000-3c0b017000 r-xp 00000000 08:03 226410467                      /usr/lib64/libart_lgpl_2.so.2.3.17
3c0b017000-3c0b216000 ---p 00017000 08:03 226410467                      /usr/lib64/libart_lgpl_2.so.2.3.17
3c0b216000-3c0b217000 rw-p 00016000 08:03 226410467                      /usr/lib64/libart_lgpl_2.so.2.3.17
3c0b400000-3c0b41c000 r-xp 00000000 08:03 50889114                       /usr/lib64/libatk-1.0.so.0.1212.0
3c0b41c000-3c0b61c000 ---p 0001c000 08:03 50889114                       /usr/lib64/libatk-1.0.so.0.1212.0
3c0b61c000-3c0b61f000 rw-p 0001c000 08:03 50889114                       /usr/lib64/libatk-1.0.so.0.1212.0
3c0b800000-3c0b82d000 r-xp 00000000 08:03 50889110                       /usr/lib64/libpangoft2-1.0.so.0.1400.9
3c0b82d000-3c0ba2d000 ---p 0002d000 08:03 50889110                       /usr/lib64/libpangoft2-1.0.so.0.1400.9
3c0ba2d000-3c0ba2e000 rw-p 0002d000 08:03 50889110                       /usr/lib64/libpangoft2-1.0.so.0.1400.9
3c0bc00000-3c0bc15000 r-xp 00000000 08:03 215974212                      /lib64/libnsl-2.5.so
3c0bc15000-3c0be14000 ---p 00015000 08:03 215974212                      /lib64/libnsl-2.5.so
3c0be14000-3c0be15000 r--p 00014000 08:03 215974212                      /lib64/libnsl-2.5.so
3c0be15000-3c0be16000 rw-p 00015000 08:03 215974212                      /lib64/libnsl-2.5.so
3c0be16000-3c0be18000 rw-p 3c0be16000 00:00 0 
3c0c400000-3c0c426000 r-xp 00000000 08:03 50888884                       /usr/lib64/libsmime3.so
3c0c426000-3c0c626000 ---p 00026000 08:03 50888884                       /usr/lib64/libsmime3.so
3c0c626000-3c0c62a000 rw-p 00026000 08:03 50888884                       /usr/lib64/libsmime3.so
3c0c800000-3c0c802000 r-xp 00000000 08:03 215973974                      /lib64/libcom_err.so.2.1
3c0c802000-3c0ca01000 ---p 00002000 08:03 215973974                      /lib64/libcom_err.so.2.1
3c0ca01000-3c0ca02000 rw-p 00001000 08:03 215973974                      /lib64/libcom_err.so.2.1
3c0cc00000-3c0cc5a000 r-xp 00000000 08:03 50889117                       /usr/lib64/libORBit-2.so.0.1.0
3c0cc5a000-3c0ce59000 ---p 0005a000 08:03 50889117                       /usr/lib64/libORBit-2.so.0.1.0
3c0ce59000-3c0ce6c000 rw-p 00059000 08:03 50889117                       /usr/lib64/libORBit-2.so.0.1.0
3c0d000000-3c0d002000 r-xp 00000000 08:03 215973959                      /lib64/libkeyutils-1.2.so
3c0d002000-3c0d201000 ---p 00002000 08:03 215973959                      /lib64/libkeyutils-1.2.so
3c0d201000-3c0d202000 rw-p 00001000 08:03 215973959                      /lib64/libkeyutils-1.2.so
3c0d400000-3c0d411000 r-xp 00000000 08:03 215973955                      /lib64/libresolv-2.5.so
3c0d411000-3c0d611000 ---p 00011000 08:03 215973955                      /lib64/libresolv-2.5.so
3c0d611000-3c0d612000 r--p 00011000 08:03 215973955                      /lib64/libresolv-2.5.so
3c0d612000-3c0d613000 rw-p 00012000 08:03 215973955                      /lib64/libresolv-2.5.so
3c0d613000-3c0d615000 rw-p 3c0d613000 00:00 0 
3c0d800000-3c0d92d000 r-xp 00000000 08:03 215974074                      /lib64/libcrypto.so.0.9.8e
3c0d92d000-3c0db2c000 ---p 0012d000 08:03 215974074                      /lib64/libcrypto.so.0.9.8e
3c0db2c000-3c0db4d000 rw-p 0012c000 08:03 215974074                      /lib64/libcrypto.so.0.9.8e
3c0db4d000-3c0db51000 rw-p 3c0db4d000 00:00 0 
3c0dc00000-3c0dc24000 r-xp 00000000 08:03 50889084                       /usr/lib64/libk5crypto.so.3.1
3c0dc24000-3c0de23000 ---p 00024000 08:03 50889084                       /usr/lib64/libk5crypto.so.3.1
3c0de23000-3c0de25000 rw-p 00023000 08:03 50889084                       /usr/lib64/libk5crypto.so.3.1
3c0e000000-3c0e091000 r-xp 00000000 08:03 50889085                       /usr/lib64/libkrb5.so.3.3
3c0e091000-3c0e291000 ---p 00091000 08:03 50889085                       /usr/lib64/libkrb5.so.3.3
3c0e291000-3c0e295000 rw-p 00091000 08:03 50889085                       /usr/lib64/libkrb5.so.3.3
3c0e400000-3c0e42c000 r-xp 00000000 08:03 50889086                       /usr/lib64/libgssapi_krb5.so.2.2
3c0e42c000-3c0e62c000 ---p 0002c000 08:03 50889086                       /usr/lib64/libgssapi_krb5.so.2.2
3c0e62c000-3c0e62e000 rw-p 0002c000 08:03 50889086                       /usr/lib64/libgssapi_krb5.so.2.2
3c0e800000-3c0e839000 r-xp 00000000 08:03 215974211                      /lib64/libdbus-1.so.3.4.0
3c0e839000-3c0ea39000 ---p 00039000 08:03 215974211                      /lib64/libdbus-1.so.3.4.0
3c0ea39000-3c0ea3b000 rw-p 00039000 08:03 215974211                      /lib64/libdbus-1.so.3.4.0
3c0ec00000-3c0ec03000 r-xp 00000000 08:03 215974209                      /lib64/libcap.so.1.10
3c0ec03000-3c0ee03000 ---p 00003000 08:03 215974209                      /lib64/libcap.so.1.10
3c0ee03000-3c0ee04000 rw-p 00003000 08:03 215974209                      /lib64/libcap.so.1.10
3c0f000000-3c0f133000 r-xp 00000000 08:03 50889119                       /usr/lib64/libxml2.so.2.6.26
3c0f133000-3c0f333000 ---p 00133000 08:03 50889119                       /usr/lib64/libxml2.so.2.6.26
3c0f333000-3c0f33c000 rw-p 00133000 08:03 50889119                       /usr/lib64/libxml2.so.2.6.26
3c0f33c000-3c0f33d000 rw-p 3c0f33c000 00:00 0 
3c0f400000-3c0f408000 r-xp 00000000 08:03 50889083                       /usr/lib64/libkrb5support.so.0.1
3c0f408000-3c0f607000 ---p 00008000 08:03 50889083                       /usr/lib64/libkrb5support.so.0.1
3c0f607000-3c0f608000 rw-p 00007000 08:03 50889083                       /usr/lib64/libkrb5support.so.0.1
3c0f800000-3c0f846000 r-xp 00000000 08:03 215974084                      /lib64/libssl.so.0.9.8e
3c0f846000-3c0fa46000 ---p 00046000 08:03 215974084                      /lib64/libssl.so.0.9.8e
3c0fa46000-3c0fa4c000 rw-p 00046000 08:03 215974084                      /lib64/libssl.so.0.9.8e
3c0fc00000-3c0fc1e000 r-xp 00000000 08:03 50889120                       /usr/lib64/libdbus-glib-1.so.2.1.0
3c0fc1e000-3c0fe1e000 ---p 0001e000 08:03 50889120                       /usr/lib64/libdbus-glib-1.so.2.1.0
3c0fe1e000-3c0fe20000 rw-p 0001e000 08:03 50889120                       /usr/lib64/libdbus-glib-1.so.2.1.0
3c10000000-3c10004000 r-xp 00000000 08:03 215974208                      /lib64/libgthread-2.0.so.0.1200.3
3c10004000-3c10203000 ---p 00004000 08:03 215974208                      /lib64/libgthread-2.0.so.0.1200.3
3c10203000-3c10204000 rw-p 00003000 08:03 215974208                      /lib64/libgthread-2.0.so.0.1200.3
3c10400000-3c104d6000 r-xp 00000000 08:03 215974099                      /lib64/libasound.so.2.0.0
3c104d6000-3c106d5000 ---p 000d6000 08:03 215974099                      /lib64/libasound.so.2.0.0
3c106d5000-3c106dd000 rw-p 000d5000 08:03 215974099                      /lib64/libasound.so.2.0.0
3c10800000-3c10802000 r-xp 00000000 08:03 215974213                      /lib64/libutil-2.5.so
3c10802000-3c10a01000 ---p 00002000 08:03 215974213                      /lib64/libutil-2.5.so
3c10a01000-3c10a02000 r--p 00001000 08:03 215974213                      /lib64/libutil-2.5.so
3c10a02000-3c10a03000 rw-p 00002000 08:03 215974213                      /lib64/libutil-2.5.so
3c11000000-3c11037000 r-xp 00000000 08:03 50889118                       /usr/lib64/libgconf-2.so.4.1.0
3c11037000-3c11237000 ---p 00037000 08:03 50889118                       /usr/lib64/libgconf-2.so.4.1.0
3c11237000-3c1123c000 rw-p 00037000 08:03 50889118                       /usr/lib64/libgconf-2.so.4.1.0
3c11400000-3c11428000 r-xp 00000000 08:03 226419380                      /usr/lib64/libaudiofile.so.0.0.2
3c11428000-3c11627000 ---p 00028000 08:03 226419380                      /usr/lib64/libaudiofile.so.0.0.2
3c11627000-3c1162b000 rw-p 00027000 08:03 226419380                      /usr/lib64/libaudiofile.so.0.0.2
3c11800000-3c11802000 r-xp 00000000 08:03 50889122                       /usr/lib64/libavahi-glib.so.1.0.1
3c11802000-3c11a02000 ---p 00002000 08:03 50889122                       /usr/lib64/libavahi-glib.so.1.0.1
3c11a02000-3c11a03000 rw-p 00002000 08:03 50889122                       /usr/lib64/libavahi-glib.so.1.0.1
3c11c00000-3c11c0b000 r-xp 00000000 08:03 50889121                       /usr/lib64/libavahi-common.so.3.4.3
3c11c0b000-3c11e0a000 ---p 0000b000 08:03 50889121                       /usr/lib64/libavahi-common.so.3.4.3
3c11e0a000-3c11e0b000 rw-p 0000a000 08:03 50889121                       /usr/lib64/libavahi-common.so.3.4.3
3c12000000-3c12009000 r-xp 00000000 08:03 50889089                       /usr/lib64/libesd.so.0.2.36
3c12009000-3c12209000 ---p 00009000 08:03 50889089                       /usr/lib64/libesd.so.0.2.36
3c12209000-3c1220a000 rw-p 00009000 08:03 50889089                       /usr/lib64/libesd.so.0.2.36
3c12400000-3c12471000 r-xp 00000000 08:03 50889124                       /usr/lib64/libgnomevfs-2.so.0.1600.2
3c12471000-3c12671000 ---p 00071000 08:03 50889124                       /usr/lib64/libgnomevfs-2.so.0.1600.2
3c12671000-3c12676000 rw-p 00071000 08:03 50889124                       /usr/lib64/libgnomevfs-2.so.0.1600.2
3c12800000-3c1280f000 r-xp 00000000 08:03 50889123                       /usr/lib64/libavahi-client.so.3.2.1
3c1280f000-3c12a0f000 ---p 0000f000 08:03 50889123                       /usr/lib64/libavahi-client.so.3.2.1
3c12a0f000-3c12a10000 rw-p 0000f000 08:03 50889123                       /usr/lib64/libavahi-client.so.3.2.1
3c12c00000-3c12c63000 r-xp 00000000 08:03 50889127                       /usr/lib64/libbonobo-2.so.0.0.0
3c12c63000-3c12e62000 ---p 00063000 08:03 50889127                       /usr/lib64/libbonobo-2.so.0.0.0
3c12e62000-3c12e73000 rw-p 00062000 08:03 50889127                       /usr/lib64/libbonobo-2.so.0.0.0
3c13000000-3c1302d000 r-xp 00000000 08:03 50889116                       /usr/lib64/libgnomecanvas-2.so.0.1400.0
3c1302d000-3c1322c000 ---p 0002d000 08:03 50889116                       /usr/lib64/libgnomecanvas-2.so.0.1400.0
3c1322c000-3c1322e000 rw-p 0002c000 08:03 50889116                       /usr/lib64/libgnomecanvas-2.so.0.1400.0
3c13400000-3c13417000 r-xp 00000000 08:03 50889126                       /usr/lib64/libbonobo-activation.so.4.0.0
3c13417000-3c13616000 ---p 00017000 08:03 50889126                       /usr/lib64/libbonobo-activation.so.4.0.0
3c13616000-3c1361a000 rw-p 00016000 08:03 50889126                       /usr/lib64/libbonobo-activation.so.4.0.0
3c13800000-3c13805000 r-xp 00000000 08:03 50889125                       /usr/lib64/libORBitCosNaming-2.so.0.1.0
3c13805000-3c13a04000 ---p 00005000 08:03 50889125                       /usr/lib64/libORBitCosNaming-2.so.0.1.0
3c13a04000-3c13a06000 rw-p 00004000 08:03 50889125                       /usr/lib64/libORBitCosNaming-2.so.0.1.0
3c13c00000-3c13c0c000 r-xp 00000000 08:03 50889130                       /usr/lib64/libgnome-keyring.so.0.0.1
3c13c0c000-3c13e0c000 ---p 0000c000 08:03 50889130                       /usr/lib64/libgnome-keyring.so.0.0.1
3c13e0c000-3c13e0d000 rw-p 0000c000 08:03 50889130                       /usr/lib64/libgnome-keyring.so.0.0.1
3c15000000-3c15005000 r-xp 00000000 08:03 50888872                       /usr/lib64/libXtst.so.6.1.0
3c15005000-3c15204000 ---p 00005000 08:03 50888872                       /usr/lib64/libXtst.so.6.1.0
3c15204000-3c15205000 rw-p 00004000 08:03 50888872                       /usr/lib64/libXtst.so.6.1.0
3c15400000-3c15403000 r-xp 00000000 08:03 50889096                       /usr/lib64/libplds4.so
3c15403000-3c15602000 ---p 00003000 08:03 50889096                       /usr/lib64/libplds4.so
3c15602000-3c15603000 rw-p 00002000 08:03 50889096                       /usr/lib64/libplds4.so
3c15800000-3c15836000 r-xp 00000000 08:03 226403079                      /usr/lib64/libnspr4.so
3c15836000-3c15a36000 ---p 00036000 08:03 226403079                      /usr/lib64/libnspr4.so
3c15a36000-3c15a38000 rw-p 00036000 08:03 226403079                      /usr/lib64/libnspr4.so
3c15a38000-3c15a3b000 rw-p 3c15a38000 00:00 0 
3c15c00000-3c15d26000 r-xp 00000000 08:03 50889098                       /usr/lib64/libnss3.so
3c15d26000-3c15f25000 ---p 00126000 08:03 50889098                       /usr/lib64/libnss3.so
3c15f25000-3c15f2c000 rw-p 00125000 08:03 50889098                       /usr/lib64/libnss3.so
3c15f2c000-3c15f2d000 rw-p 3c15f2c000 00:00 0 
3c16000000-3c16019000 r-xp 00000000 08:03 50889097                       /usr/lib64/libnssutil3.so
3c16019000-3c16218000 ---p 00019000 08:03 50889097                       /usr/lib64/libnssutil3.so
3c16218000-3c1621e000 rw-p 00018000 08:03 50889097                       /usr/lib64/libnssutil3.so
3c16400000-3c16433000 r-xp 00000000 08:03 50888876                       /usr/lib64/libssl3.so
3c16433000-3c16633000 ---p 00033000 08:03 50888876                       /usr/lib64/libssl3.so
3c16633000-3c16636000 rw-p 00033000 08:03 50888876                       /usr/lib64/libssl3.so
3c16800000-3c16802000 r-xp 00000000 08:03 50889175                       /usr/lib64/libXss.so.1.0.0
3c16802000-3c16a02000 ---p 00002000 08:03 50889175                       /usr/lib64/libXss.so.1.0.0
3c16a02000-3c16a03000 rw-p 00002000 08:03 50889175                       /usr/lib64/libXss.so.1.0.0
3c17000000-3c1705b000 r-xp 00000000 08:03 50889094                       /usr/lib64/libXt.so.6.0.0
3c1705b000-3c1725a000 ---p 0005b000 08:03 50889094                       /usr/lib64/libXt.so.6.0.0
3c1725a000-3c17260000 rw-p 0005a000 08:03 50889094                       /usr/lib64/libXt.so.6.0.0
3c17260000-3c17261000 rw-p 3c17260000 00:00 0 
3c17c00000-3c17c04000 r-xp 00000000 08:03 227349942                      /usr/lib64/xulrunner-1.9.2/libxpcom.so
3c17c04000-3c17e03000 ---p 00004000 08:03 227349942                      /usr/lib64/xulrunner-1.9.2/libxpcom.so
3c17e03000-3c17e04000 rw-p 00003000 08:03 227349942                      /usr/lib64/xulrunner-1.9.2/libxpcom.so
3c18400000-3c19980000 r-xp 00000000 08:03 227349940                      /usr/lib64/xulrunner-1.9.2/libxul.so
3c19980000-3c19b80000 ---p 01580000 08:03 227349940                      /usr/lib64/xulrunner-1.9.2/libxul.so
3c19b80000-3c19d5d000 rw-p 01580000 08:03 227349940                      /usr/lib64/xulrunner-1.9.2/libxul.so
3c19d5d000-3c19d79000 rw-p 3c19d5d000 00:00 0 
3c19e00000-3c19e84000 r-xp 00000000 08:03 227349948                      /usr/lib64/xulrunner-1.9.2/libsqlite3.so
3c19e84000-3c1a083000 ---p 00084000 08:03 227349948                      /usr/lib64/xulrunner-1.9.2/libsqlite3.so
3c1a083000-3c1a087000 rw-p 00083000 08:03 227349948                      /usr/lib64/xulrunner-1.9.2/libsqlite3.so
3c1a200000-3c1a2df000 r-xp 00000000 08:03 227349938                      /usr/lib64/xulrunner-1.9.2/libmozjs.so
3c1a2df000-3c1a4de000 ---p 000df000 08:03 227349938                      /usr/lib64/xulrunner-1.9.2/libmozjs.so
3c1a4de000-3c1a4ea000 rw-p 000de000 08:03 227349938                      /usr/lib64/xulrunner-1.9.2/libmozjs.so
2aaaaaaab000-2aaaaaad3000 rw-p 2aaaaaaab000 00:00 0 
2aaaaaad3000-2aaaaaad4000 r--s 0000b000 08:03 184878012                  /home/idea/appz/eclipse/plugins/org.eclipse.equinox.launcher_1.2.0.v20110502.jar
2aaaaaadc000-2aaaaaaea000 r-xp 00000000 08:03 226661315                  /usr/lib/jvm/java-1.6.0-openjdk-1.6.0.0.x86_64/jre/lib/amd64/libverify.so
2aaaaaaea000-2aaaaace9000 ---p 0000e000 08:03 226661315                  /usr/lib/jvm/java-1.6.0-openjdk-1.6.0.0.x86_64/jre/lib/amd64/libverify.so
2aaaaace9000-2aaaaaceb000 rw-p 0000d000 08:03 226661315                  /usr/lib/jvm/java-1.6.0-openjdk-1.6.0.0.x86_64/jre/lib/amd64/libverify.so
2aaaaaceb000-2aaaaad16000 r-xp 00000000 08:03 226661297                  /usr/lib/jvm/java-1.6.0-openjdk-1.6.0.0.x86_64/jre/lib/amd64/libjava.so
2aaaaad16000-2aaaaaf16000 ---p 0002b000 08:03 226661297                  /usr/lib/jvm/java-1.6.0-openjdk-1.6.0.0.x86_64/jre/lib/amd64/libjava.so
2aaaaaf16000-2aaaaaf1a000 rw-p 0002b000 08:03 226661297                  /usr/lib/jvm/java-1.6.0-openjdk-1.6.0.0.x86_64/jre/lib/amd64/libjava.so
2aaaaaf1a000-2aaaaaf1b000 ---p 2aaaaaf1a000 00:00 0 
2aaaaaf1b000-2aaaaaf1c000 rw-p 2aaaaaf1b000 00:00 0 
2aaaaaf1c000-2aaaaaf24000 rw-s 00000000 08:03 35094531                   /tmp/hsperfdata_idea/9286 (deleted)
2aaaaaf24000-2aaaaaf2d000 r--s 00060000 08:03 226661339                  /usr/lib/jvm/java-1.6.0-openjdk-1.6.0.0.x86_64/jre/lib/ext/gnome-java-bridge.jar
2aaaaaf2d000-2aaaaaf31000 r--s 0003a000 08:03 226661874                  /usr/lib/jvm/java-1.6.0-openjdk-1.6.0.0.x86_64/jre/lib/jsse.jar
2aaaaaf33000-2aaaaaf37000 r--s 00030000 08:03 226661342                  /usr/lib/jvm/java-1.6.0-openjdk-1.6.0.0.x86_64/jre/lib/ext/sunjce_provider.jar
2aaaaaf4c000-2aaaaaf56000 r-xp 00000000 08:03 215973914                  /lib64/libnss_files-2.5.so
2aaaaaf56000-2aaaab155000 ---p 0000a000 08:03 215973914                  /lib64/libnss_files-2.5.so
2aaaab155000-2aaaab156000 r--p 00009000 08:03 215973914                  /lib64/libnss_files-2.5.so
2aaaab156000-2aaaab157000 rw-p 0000a000 08:03 215973914                  /lib64/libnss_files-2.5.so
2aaaab157000-2aaaab15e000 r-xp 00000000 08:03 226661316                  /usr/lib/jvm/java-1.6.0-openjdk-1.6.0.0.x86_64/jre/lib/amd64/libzip.so
2aaaab15e000-2aaaab35d000 ---p 00007000 08:03 226661316                  /usr/lib/jvm/java-1.6.0-openjdk-1.6.0.0.x86_64/jre/lib/amd64/libzip.so
2aaaab35d000-2aaaab35e000 rw-p 00006000 08:03 226661316                  /usr/lib/jvm/java-1.6.0-openjdk-1.6.0.0.x86_64/jre/lib/amd64/libzip.so
2aaaab35e000-2aaaac00e000 rwxp 2aaaab35e000 00:00 0 
2aaaac00e000-2aaaae35e000 rw-p 2aaaac00e000 00:00 0 
2aaaae35e000-2aaaae391000 rw-p 2aaaae35e000 00:00 0 
2aaaae391000-2aaaae41e000 rw-p 2aaaae391000 00:00 0 
2aaaae41e000-2aaaae471000 rw-p 2aaaae41e000 00:00 0 
2aaaae471000-2aaaae49e000 rw-p 2aaaae471000 00:00 0 
2aaaae49e000-2aaaae4f4000 rw-p 2aaaae49e000 00:00 0 
2aaaae4f4000-2aaaae548000 rw-p 2aaaae4f4000 00:00 0 
2aaaae548000-2aaaae598000 rw-p 2aaaae548000 00:00 0 
2aaaae598000-2aaaae59e000 ---p 2aaaae598000 00:00 0 
2aaaae59e000-2aaaae5f5000 rw-p 2aaaae59e000 00:00 0 
2aaaae5f5000-2aaaae64a000 rw-p 2aaaae5f5000 00:00 0 
2aaaae64a000-2aaaae69d000 rw-p 2aaaae64a000 00:00 0 
2aaaae69d000-2aaaae6ca000 rw-p 2aaaae69d000 00:00 0 
2aaaae6ca000-2aaaae869000 r--s 01978000 08:03 226664980                  /usr/lib/jvm/java-1.6.0-openjdk-1.6.0.0.x86_64/jre/lib/rt.jar
2aaaae869000-2aaaaeda3000 rw-p 2aaaae869000 00:00 0 
2aaaaeda3000-2aaab2380000 r--p 00000000 08:03 226401019                  /usr/lib/locale/locale-archive
2aaab2380000-2aaab2388000 r--s 00053000 08:03 226661385                  /usr/lib/jvm/java-1.6.0-openjdk-1.6.0.0.x86_64/jre/lib/resources.jar
2aaab2388000-2aaab2397000 r-xp 00000000 08:03 184878152                  /home/idea/appz/eclipse/plugins/org.eclipse.equinox.launcher.gtk.linux.x86_64_1.1.100.v20110505/eclipse_1407.so
2aaab2397000-2aaab2496000 ---p 0000f000 08:03 184878152                  /home/idea/appz/eclipse/plugins/org.eclipse.equinox.launcher.gtk.linux.x86_64_1.1.100.v20110505/eclipse_1407.so
2aaab2496000-2aaab2498000 rw-p 0000e000 08:03 184878152                  /home/idea/appz/eclipse/plugins/org.eclipse.equinox.launcher.gtk.linux.x86_64_1.1.100.v20110505/eclipse_1407.so
2aaab2498000-2aaab24a9000 r--p 00000000 08:03 226412165                  /usr/share/locale/ko/LC_MESSAGES/gtk20.mo
2aaab24a9000-2aaab24b0000 r--s 00000000 08:03 226492673                  /usr/lib64/gconv/gconv-modules.cache
2aaab24b0000-2aaab24d1000 r--p 00000000 08:03 226412164                  /usr/share/locale/ko/LC_MESSAGES/gtk20-properties.mo
2aaab24d1000-2aaab24d2000 r-xp 00000000 08:03 226492598                  /usr/lib64/gconv/ISO8859-1.so
2aaab24d2000-2aaab26d2000 ---p 00001000 08:03 226492598                  /usr/lib64/gconv/ISO8859-1.so
2aaab26d2000-2aaab26d4000 rw-p 00001000 08:03 226492598                  /usr/lib64/gconv/ISO8859-1.so
2aaab26d4000-2aaab26e0000 r-xp 00000000 08:03 226663582                  /usr/lib64/gtk-2.0/2.10.0/engines/libbluecurve.so
2aaab26e0000-2aaab28e0000 ---p 0000c000 08:03 226663582                  /usr/lib64/gtk-2.0/2.10.0/engines/libbluecurve.so
2aaab28e0000-2aaab28e1000 rw-p 0000c000 08:03 226663582                  /usr/lib64/gtk-2.0/2.10.0/engines/libbluecurve.so
2aaab28e1000-2aaab28fc000 r--p 00000000 08:03 226400690                  /usr/share/locale/ko/LC_MESSAGES/libc.mo
2aaab28fd000-2aaab2900000 r-xp 00000000 08:03 226663406                  /usr/lib64/gtk-2.0/2.10.0/loaders/libpixbufloader-bmp.so
2aaab2900000-2aaab2aff000 ---p 00003000 08:03 226663406                  /usr/lib64/gtk-2.0/2.10.0/loaders/libpixbufloader-bmp.so
2aaab2aff000-2aaab2b00000 rw-p 00002000 08:03 226663406                  /usr/lib64/gtk-2.0/2.10.0/loaders/libpixbufloader-bmp.so
2aaab2b00000-2aaab2b63000 rw-p 2aaab2b00000 00:00 0 
2aaab2b63000-2aaab2bc3000 rw-s 00000000 00:09 12058646                   /SYSV00000000 (deleted)
2aaab2bc3000-2aaab2bd7000 r--s 0013a000 08:03 184878099                  /home/idea/appz/eclipse/plugins/org.eclipse.osgi_3.7.2.v20120110-1415.jar
2aaab2bd7000-2aaab2beb000 r-xp 00000000 08:03 226661308                  /usr/lib/jvm/java-1.6.0-openjdk-1.6.0.0.x86_64/jre/lib/amd64/libnet.so
2aaab2beb000-2aaab2dea000 ---p 00014000 08:03 226661308                  /usr/lib/jvm/java-1.6.0-openjdk-1.6.0.0.x86_64/jre/lib/amd64/libnet.so
2aaab2dea000-2aaab2deb000 rw-p 00013000 08:03 226661308                  /usr/lib/jvm/java-1.6.0-openjdk-1.6.0.0.x86_64/jre/lib/amd64/libnet.so
2aaab2e7b000-2aaab2e7c000 rw-p 2aaab2e7b000 00:00 0 
2aaab2e7c000-2aaab2e7d000 r--p 2aaab2e7c000 00:00 0 
2aaab2e7e000-2aaab2e81000 rw-s 00000000 00:09 12124185                   /SYSV00000000 (deleted)
2aaab2ec8000-2aaab2ecf000 r--p 00000000 08:03 226423235                  /usr/share/locale/ko/LC_MESSAGES/libgnomeui-2.0.mo
2aaab2ecf000-2aaab2ed4000 r--p 00000000 08:03 226401062                  /usr/share/locale/ko/LC_MESSAGES/glib20.mo
2aaab2ed5000-2aaab2ed7000 r-xp 00000000 08:03 226492460                  /usr/lib64/gconv/EUC-KR.so
2aaab2ed7000-2aaab30d7000 ---p 00002000 08:03 226492460                  /usr/lib64/gconv/EUC-KR.so
2aaab30d7000-2aaab30d9000 rw-p 00002000 08:03 226492460                  /usr/lib64/gconv/EUC-KR.so
2aaab30d9000-2aaab30e4000 r-xp 00000000 08:03 226492657                  /usr/lib64/gconv/libKSC.so
2aaab30e4000-2aaab32e3000 ---p 0000b000 08:03 226492657                  /usr/lib64/gconv/libKSC.so
2aaab32e3000-2aaab32e5000 rw-p 0000a000 08:03 226492657                  /usr/lib64/gconv/libKSC.so
2aaab32e8000-2aaab3366000 r-xp 00000000 08:03 184878494                  /home/idea/appz/eclipse/configuration/org.eclipse.osgi/bundles/154/1/.cp/libswt-gtk-3740.so
2aaab3366000-2aaab3465000 ---p 0007e000 08:03 184878494                  /home/idea/appz/eclipse/configuration/org.eclipse.osgi/bundles/154/1/.cp/libswt-gtk-3740.so
2aaab3465000-2aaab346c000 rw-p 0007d000 08:03 184878494                  /home/idea/appz/eclipse/configuration/org.eclipse.osgi/bundles/154/1/.cp/libswt-gtk-3740.so
2aaab346c000-2aaab346f000 rw-p 2aaab346c000 00:00 0 
2aaab346f000-2aaab34e3000 r-xp 00000000 08:03 184878495                  /home/idea/appz/eclipse/configuration/org.eclipse.osgi/bundles/154/1/.cp/libswt-pi-gtk-3740.so
2aaab34e3000-2aaab35e2000 ---p 00074000 08:03 184878495                  /home/idea/appz/eclipse/configuration/org.eclipse.osgi/bundles/154/1/.cp/libswt-pi-gtk-3740.so
2aaab35e2000-2aaab35e5000 rw-p 00073000 08:03 184878495                  /home/idea/appz/eclipse/configuration/org.eclipse.osgi/bundles/154/1/.cp/libswt-pi-gtk-3740.so
2aaab35e5000-2aaab35e7000 rw-p 2aaab35e5000 00:00 0 
2aaab35e8000-2aaab35ec000 r-xp 00000000 08:03 226663411                  /usr/lib64/gtk-2.0/2.10.0/loaders/libpixbufloader-png.so
2aaab35ec000-2aaab37eb000 ---p 00004000 08:03 226663411                  /usr/lib64/gtk-2.0/2.10.0/loaders/libpixbufloader-png.so
2aaab37eb000-2aaab37ec000 rw-p 00003000 08:03 226663411                  /usr/lib64/gtk-2.0/2.10.0/loaders/libpixbufloader-png.so
2aaab37ec000-2aaab384c000 rw-s 00000000 00:09 12091415                   /SYSV00000000 (deleted)
2aaab3883000-2aaab3885000 r-xp 00000000 08:03 184878514                  /home/idea/appz/eclipse/configuration/org.eclipse.osgi/bundles/31/1/.cp/os/linux/x86_64/libunixfile_1_0_0.so
2aaab3885000-2aaab3984000 ---p 00002000 08:03 184878514                  /home/idea/appz/eclipse/configuration/org.eclipse.osgi/bundles/31/1/.cp/os/linux/x86_64/libunixfile_1_0_0.so
2aaab3984000-2aaab3985000 rw-p 00001000 08:03 184878514                  /home/idea/appz/eclipse/configuration/org.eclipse.osgi/bundles/31/1/.cp/os/linux/x86_64/libunixfile_1_0_0.so
2aaab3985000-2aaab3997000 r-xp 00000000 08:03 226663587                  /usr/lib64/gtk-2.0/immodules/im-scim-bridge.so
2aaab3997000-2aaab3b97000 ---p 00012000 08:03 226663587                  /usr/lib64/gtk-2.0/immodules/im-scim-bridge.so
2aaab3b97000-2aaab3b98000 rw-p 00012000 08:03 226663587                  /usr/lib64/gtk-2.0/immodules/im-scim-bridge.so
2aaab3b98000-2aaab3b9f000 r--s 00000000 08:03 72221586                   /var/cache/fontconfig/beeeeb3dfe132a8a0633a017c99ce0c0-x86-64.cache-2
2aaab3b9f000-2aaab3baa000 r--s 00000000 08:03 72221588                   /var/cache/fontconfig/e19de935dec46bbf3ed114ee4965548a-x86-64.cache-2
2aaab3baa000-2aaab3bad000 r--s 00000000 08:03 72221589                   /var/cache/fontconfig/e3ead4b767b8819993a6fa3ae306afa9-x86-64.cache-2
2aaab3bad000-2aaab3bb5000 r--s 00000000 08:03 72221534                   /var/cache/fontconfig/7ddba6133ef499da58de5e8c586d3b75-x86-64.cache-2
2aaab3bb5000-2aaab3bb9000 r--s 00000000 08:03 72221256                   /var/cache/fontconfig/b67b32625a2bb51b023d3814a918f351-x86-64.cache-2
2aaab3bb9000-2aaab3bc1000 r--s 00000000 08:03 72221533                   /var/cache/fontconfig/b79f3aaa7d385a141ab53ec885cc22a8-x86-64.cache-2
2aaab3bc1000-2aaab3bc3000 r--s 00000000 08:03 72221593                   /var/cache/fontconfig/87f5e051180a7a75f16eb6fe7dbd3749-x86-64.cache-2
2aaab3bc3000-2aaab3bc7000 r--s 00000000 08:03 72221594                   /var/cache/fontconfig/00413c8acffd3c2ef5e4f42b8b36cd9a-x86-64.cache-2
2aaab3bc7000-2aaab3bd1000 r--s 00000000 08:03 72221260                   /var/cache/fontconfig/d52a8644073d54c13679302ca1180695-x86-64.cache-2
2aaab3bd1000-2aaab3bd6000 r-xp 00000000 08:03 226663407                  /usr/lib64/gtk-2.0/2.10.0/loaders/libpixbufloader-gif.so
2aaab3bd6000-2aaab3dd6000 ---p 00005000 08:03 226663407                  /usr/lib64/gtk-2.0/2.10.0/loaders/libpixbufloader-gif.so
2aaab3dd6000-2aaab3dd7000 rw-p 00005000 08:03 226663407                  /usr/lib64/gtk-2.0/2.10.0/loaders/libpixbufloader-gif.so
2aaab3dd7000-2aaab3de3000 r-xp 00000000 08:03 184878543                  /home/idea/appz/eclipse/configuration/org.eclipse.osgi/bundles/154/1/.cp/libswt-cairo-gtk-3740.so
2aaab3de3000-2aaab3ee3000 ---p 0000c000 08:03 184878543                  /home/idea/appz/eclipse/configuration/org.eclipse.osgi/bundles/154/1/.cp/libswt-cairo-gtk-3740.so
2aaab3ee3000-2aaab3ee4000 rw-p 0000c000 08:03 184878543                  /home/idea/appz/eclipse/configuration/org.eclipse.osgi/bundles/154/1/.cp/libswt-cairo-gtk-3740.so
2aaab3f04000-2aaab3f0a000 r--s 00044000 08:03 184877135                  /home/idea/appz/eclipse/plugins/org.eclipse.ui.forms_3.5.101.v20111011-1919.jar
2aaab3f18000-2aaab3f1a000 r--s 00013000 08:03 226661370                  /usr/lib/jvm/java-1.6.0-openjdk-1.6.0.0.x86_64/jre/lib/jce.jar
2aaab3f1a000-2aaab3f53000 r--p 00000000 08:03 226925137                  /usr/share/fonts/dejavu-lgc/DejaVuLGCSansMono-Bold.ttf
2aaab3f53000-2aaab3f81000 r--p 00000000 08:03 226925139                  /usr/share/fonts/dejavu-lgc/DejaVuLGCSansMono-Oblique.ttf
2aaab4000000-2aaab7ffc000 rw-p 2aaab4000000 00:00 0 
2aaab7ffc000-2aaab8000000 ---p 2aaab7ffc000 00:00 0 
2aaab8000000-2aaabaee1000 rw-p 2aaab8000000 00:00 0 
2aaabaee1000-2aaabaee8000 r-xp 00000000 08:03 226661309                  /usr/lib/jvm/java-1.6.0-openjdk-1.6.0.0.x86_64/jre/lib/amd64/libnio.so
2aaabaee8000-2aaabb0e8000 ---p 00007000 08:03 226661309                  /usr/lib/jvm/java-1.6.0-openjdk-1.6.0.0.x86_64/jre/lib/amd64/libnio.so
2aaabb0e8000-2aaabb0e9000 rw-p 00007000 08:03 226661309                  /usr/lib/jvm/java-1.6.0-openjdk-1.6.0.0.x86_64/jre/lib/amd64/libnio.so
2aaabb0e9000-2aaabb0ec000 r--s 00076000 08:03 226661340                  /usr/lib/jvm/java-1.6.0-openjdk-1.6.0.0.x86_64/jre/lib/ext/localedata.jar
2aaabb311000-2aaabbcf9000 r--p 00000000 08:03 227347498                  /usr/share/fonts/korean/TrueType/gulim.ttf
2aaabbcf9000-2aaabbcfb000 r-xp 00000000 08:03 226660978                  /usr/lib64/pango/1.5.0/modules/pango-basic-fc.so
2aaabbcfb000-2aaabbefb000 ---p 00002000 08:03 226660978                  /usr/lib64/pango/1.5.0/modules/pango-basic-fc.so
2aaabbefb000-2aaabbefc000 rw-p 00002000 08:03 226660978                  /usr/lib64/pango/1.5.0/modules/pango-basic-fc.so
2aaabbefc000-2aaabbf65000 r--p 00000000 08:03 226925128                  /usr/share/fonts/dejavu-lgc/DejaVuLGCSans-Bold.ttf
2aaabc000000-2aaabfffb000 rw-p 2aaabc000000 00:00 0 
2aaabfffb000-2aaac0000000 ---p 2aaabfffb000 00:00 0 
2aaac0000000-2aaac0002000 r-xp 00000000 08:03 226660980                  /usr/lib64/pango/1.5.0/modules/pango-hangul-fc.so
2aaac0002000-2aaac0202000 ---p 00002000 08:03 226660980                  /usr/lib64/pango/1.5.0/modules/pango-hangul-fc.so
2aaac0202000-2aaac0203000 rw-p 00002000 08:03 226660980                  /usr/lib64/pango/1.5.0/modules/pango-hangul-fc.so
2aaac0203000-2aaac0270000 r--p 00000000 08:03 226925132                  /usr/share/fonts/dejavu-lgc/DejaVuLGCSans.ttf
2aaac0270000-2aaac027b000 r-xp 00000000 08:03 184878505                  /home/idea/appz/eclipse/configuration/org.eclipse.osgi/bundles/154/1/.cp/libswt-atk-gtk-3740.so
2aaac027b000-2aaac037b000 ---p 0000b000 08:03 184878505                  /home/idea/appz/eclipse/configuration/org.eclipse.osgi/bundles/154/1/.cp/libswt-atk-gtk-3740.so
2aaac037b000-2aaac037c000 rw-p 0000b000 08:03 184878505                  /home/idea/appz/eclipse/configuration/org.eclipse.osgi/bundles/154/1/.cp/libswt-atk-gtk-3740.so
2aaac037c000-2aaac0380000 r-xp 00000000 08:03 215973912                  /lib64/libnss_dns-2.5.so
2aaac0380000-2aaac057f000 ---p 00004000 08:03 215973912                  /lib64/libnss_dns-2.5.so
2aaac057f000-2aaac0580000 r--p 00003000 08:03 215973912                  /lib64/libnss_dns-2.5.so
2aaac0580000-2aaac0581000 rw-p 00004000 08:03 215973912                  /lib64/libnss_dns-2.5.so
2aaac0581000-2aaac058c000 r-xp 00000000 08:03 227351762                  /usr/lib64/gtk-2.0/2.10.0/filesystems/libgnome-vfs.so
2aaac058c000-2aaac078b000 ---p 0000b000 08:03 227351762                  /usr/lib64/gtk-2.0/2.10.0/filesystems/libgnome-vfs.so
2aaac078b000-2aaac078c000 rw-p 0000a000 08:03 227351762                  /usr/lib64/gtk-2.0/2.10.0/filesystems/libgnome-vfs.so
2aaac078c000-2aaac079c000 r-xp 00000000 08:03 227351735                  /usr/lib64/gnome-vfs-2.0/modules/libfile.so
2aaac079c000-2aaac099c000 ---p 00010000 08:03 227351735                  /usr/lib64/gnome-vfs-2.0/modules/libfile.so
2aaac099c000-2aaac099d000 rw-p 00010000 08:03 227351735                  /usr/lib64/gnome-vfs-2.0/modules/libfile.so
2aaac099d000-2aaac09bf000 r--p 00000000 08:03 227352304                  /usr/lib64/xulrunner-1.9.2/chrome/en-US.jar
2aaac09cd000-2aaac09d1000 r-xp 00000000 08:03 215974102                  /lib64/libattr.so.1.1.0
2aaac09d1000-2aaac0bd0000 ---p 00004000 08:03 215974102                  /lib64/libattr.so.1.1.0
2aaac0bd0000-2aaac0bd1000 rw-p 00003000 08:03 215974102                  /lib64/libattr.so.1.1.0
2aaac0bd1000-2aaac0bd4000 r-xp 00000000 08:03 184879149                  /home/idea/appz/eclipse/configuration/org.eclipse.osgi/bundles/154/1/.cp/libswt-gnome-gtk-3740.so
2aaac0bd4000-2aaac0cd4000 ---p 00003000 08:03 184879149                  /home/idea/appz/eclipse/configuration/org.eclipse.osgi/bundles/154/1/.cp/libswt-gnome-gtk-3740.so
2aaac0cd4000-2aaac0cd5000 rw-p 00003000 08:03 184879149                  /home/idea/appz/eclipse/configuration/org.eclipse.osgi/bundles/154/1/.cp/libswt-gnome-gtk-3740.so
2aaac0dd6000-2aaac0e10000 r--p 00000000 08:03 226925140                  /usr/share/fonts/dejavu-lgc/DejaVuLGCSansMono.ttf
2aaac0e1b000-2aaac0e21000 r-xp 00000000 08:03 215974116                  /lib64/libacl.so.1.1.0
2aaac0e21000-2aaac1020000 ---p 00006000 08:03 215974116                  /lib64/libacl.so.1.1.0
2aaac1020000-2aaac1021000 rw-p 00005000 08:03 215974116                  /lib64/libacl.so.1.1.0
2aaac1021000-2aaac1029000 r-xp 00000000 08:03 50889143                   /usr/lib64/libfam.so.0.0.0
2aaac1029000-2aaac1228000 ---p 00008000 08:03 50889143                   /usr/lib64/libfam.so.0.0.0
2aaac1228000-2aaac1229000 rw-p 00007000 08:03 50889143                   /usr/lib64/libfam.so.0.0.0
2aaac1229000-2aaac1f8e000 r--p 00000000 08:03 226795702                  /usr/share/icons/Bluecurve/icon-theme.cache
2aaac1f8e000-2aaac257f000 r--p 00000000 08:03 226758151                  /usr/share/icons/gnome/icon-theme.cache
2aaac257f000-2aaac2581000 r--p 00000000 08:03 226401143                  /usr/share/locale/ko/LC_MESSAGES/atk10.mo
2aaac27bf000-2aaac27c6000 r-xp 00000000 08:03 184879100                  /home/idea/appz/eclipse/configuration/org.eclipse.osgi/bundles/154/1/.cp/libswt-xpcominit-gtk-3740.so
2aaac27c6000-2aaac28c6000 ---p 00007000 08:03 184879100                  /home/idea/appz/eclipse/configuration/org.eclipse.osgi/bundles/154/1/.cp/libswt-xpcominit-gtk-3740.so
2aaac28c6000-2aaac28c8000 rw-p 00007000 08:03 184879100                  /home/idea/appz/eclipse/configuration/org.eclipse.osgi/bundles/154/1/.cp/libswt-xpcominit-gtk-3740.so
2aaac28c8000-2aaac28c9000 rw-p 2aaac28c8000 00:00 0 
2aaac28f9000-2aaac28fd000 r-xp 00000000 08:03 50889028                   /usr/lib64/libplc4.so
2aaac28fd000-2aaac2afc000 ---p 00004000 08:03 50889028                   /usr/lib64/libplc4.so
2aaac2afc000-2aaac2afd000 rw-p 00003000 08:03 50889028                   /usr/lib64/libplc4.so
2aaac2afd000-2aaac2b1b000 r-xp 00000000 08:03 184879101                  /home/idea/appz/eclipse/configuration/org.eclipse.osgi/bundles/154/1/.cp/libswt-xulrunner-gtk-3740.so
2aaac2b1b000-2aaac2c1a000 ---p 0001e000 08:03 184879101                  /home/idea/appz/eclipse/configuration/org.eclipse.osgi/bundles/154/1/.cp/libswt-xulrunner-gtk-3740.so
2aaac2c1a000-2aaac2c1c000 rw-p 0001d000 08:03 184879101                  /home/idea/appz/eclipse/configuration/org.eclipse.osgi/bundles/154/1/.cp/libswt-xulrunner-gtk-3740.so
2aaac2c1c000-2aaac2c1e000 r-xp 00000000 08:03 226492646                  /usr/lib64/gconv/UTF-16.so
2aaac2c1e000-2aaac2e1d000 ---p 00002000 08:03 226492646                  /usr/lib64/gconv/UTF-16.so
2aaac2e1d000-2aaac2e1f000 rw-p 00001000 08:03 226492646                  /usr/lib64/gconv/UTF-16.so
2aaac2e1f000-2aaac4979000 rw-p 2aaac2e1f000 00:00 0 
2aaac4979000-2aaac4983000 r-xp 00000000 08:03 227352315                  /usr/lib64/xulrunner-1.9.2/components/libdbusservice.so
2aaac4983000-2aaac4b82000 ---p 0000a000 08:03 227352315                  /usr/lib64/xulrunner-1.9.2/components/libdbusservice.so
2aaac4b82000-2aaac4b83000 rw-p 00009000 08:03 227352315                  /usr/lib64/xulrunner-1.9.2/components/libdbusservice.so
2aaac4b83000-2aaac4c04000 r--p 00000000 08:03 227352308                  /usr/lib64/xulrunner-1.9.2/chrome/toolkit.jar
2aaac4c04000-2aaac4c46000 r--p 00000000 08:03 227352300                  /usr/lib64/xulrunner-1.9.2/chrome/classic.jar
2aaac4c46000-2aaac4c52000 r-xp 00000000 08:03 227352317                  /usr/lib64/xulrunner-1.9.2/components/libmozgnome.so
2aaac4c52000-2aaac4e51000 ---p 0000c000 08:03 227352317                  /usr/lib64/xulrunner-1.9.2/components/libmozgnome.so
2aaac4e51000-2aaac4e53000 rw-p 0000b000 08:03 227352317                  /usr/lib64/xulrunner-1.9.2/components/libmozgnome.so
2aaac8000000-2aaacbff9000 rw-p 2aaac8000000 00:00 0 
2aaacbff9000-2aaacc000000 ---p 2aaacbff9000 00:00 0 
2aaacc000000-2aaace6b1000 rw-p 2aaacc000000 00:00 0 
2aaace6b1000-2aaad0000000 ---p 2aaace6b1000 00:00 0 
2aaad0000000-2aaad1ec5000 rw-p 2aaad0000000 00:00 0 
2aaad1ec5000-2aaad4000000 ---p 2aaad1ec5000 00:00 0 
2aaae6c03000-2aaae6c37000 r--p 00000000 08:03 226925144                  /usr/share/fonts/dejavu-lgc/DejaVuLGCSerif.ttf
2aaae6c37000-2aaae6ca4000 r--p 00000000 08:03 226925132                  /usr/share/fonts/dejavu-lgc/DejaVuLGCSans.ttf
2aaae6ca4000-2aaae6cd5000 r--p 00000000 08:03 226925141                  /usr/share/fonts/dejavu-lgc/DejaVuLGCSerif-Bold.ttf
2ba59e8ff000-2ba59e901000 rw-p 2ba59e8ff000 00:00 0 
2ba59e931000-2ba59e934000 rw-p 2ba59e931000 00:00 0 
2ba59e934000-2ba59f301000 r-xp 00000000 08:03 226661322                  /usr/lib/jvm/java-1.6.0-openjdk-1.6.0.0.x86_64/jre/lib/amd64/server/libjvm.so
2ba59f301000-2ba59f500000 ---p 009cd000 08:03 226661322                  /usr/lib/jvm/java-1.6.0-openjdk-1.6.0.0.x86_64/jre/lib/amd64/server/libjvm.so
2ba59f500000-2ba59f59c000 rw-p 009cc000 08:03 226661322                  /usr/lib/jvm/java-1.6.0-openjdk-1.6.0.0.x86_64/jre/lib/amd64/server/libjvm.so
2ba59f59c000-2ba59f5c4000 rw-p 2ba59f59c000 00:00 0 
2ba59f5f4000-2ba59f676000 r-xp 00000000 08:03 215973950                  /lib64/libm-2.5.so
2ba59f676000-2ba59f875000 ---p 00082000 08:03 215973950                  /lib64/libm-2.5.so
2ba59f875000-2ba59f876000 r--p 00081000 08:03 215973950                  /lib64/libm-2.5.so
2ba59f876000-2ba59f877000 rw-p 00082000 08:03 215973950                  /lib64/libm-2.5.so
7fff98acb000-7fff98b01000 rw-p 7ffffffc8000 00:00 0                      [stack]
7fff98bcf000-7fff98bd3000 r-xp 7fff98bcf000 00:00 0                      [vdso]
ffffffffff600000-ffffffffffe00000 ---p 00000000 00:00 0                  [vsyscall]

VM Arguments:
jvm_args: -Dosgi.requiredJavaVersion=1.5 -XX:MaxPermSize=256m -Xms40m -Xmx512m 
java_command: /home/idea/appz/eclipse//plugins/org.eclipse.equinox.launcher_1.2.0.v20110502.jar -os linux -ws gtk -arch x86_64 -showsplash -launcher /home/idea/appz/eclipse/eclipse -name Eclipse --launcher.library /home/idea/appz/eclipse//plugins/org.eclipse.equinox.launcher.gtk.linux.x86_64_1.1.100.v20110505/eclipse_1407.so -startup /home/idea/appz/eclipse//plugins/org.eclipse.equinox.launcher_1.2.0.v20110502.jar --launcher.overrideVmargs -exitdata b78015 -product org.eclipse.epp.package.modeling.product -vm /usr/bin/java -vmargs -Dosgi.requiredJavaVersion=1.5 -XX:MaxPermSize=256m -Xms40m -Xmx512m -jar /home/idea/appz/eclipse//plugins/org.eclipse.equinox.launcher_1.2.0.v20110502.jar
Launcher Type: SUN_STANDARD

Environment Variables:
PATH=/lustre/INHouse/CentOS/python26/bin:/lustre/INHouse/CentOS/bin:/usr/local/djv/bin:/opt/pixar/RenderManProServer-16.2/bin:/bin:/sbin:/usr/sbin:/usr/bin:/usr/local/bin:/lustre/INHouse/CentOS/wx/wx/2.8/bin:/lustre/INHouse/CentOS/bin:/usr/local/djv/bin:/opt/pixar/RenderManProServer-16.2/bin:/bin:/sbin:/usr/sbin:/usr/bin:/usr/local/bin:/home/idea/bin
USERNAME=idea
LD_LIBRARY_PATH=/usr/lib/jvm/java-1.6.0-openjdk-1.6.0.0.x86_64/jre/lib/amd64/server:/usr/lib/jvm/java-1.6.0-openjdk-1.6.0.0.x86_64/jre/lib/amd64:/usr/lib/jvm/java-1.6.0-openjdk-1.6.0.0.x86_64/jre/../lib/amd64:/usr/lib64/qt-3.3/lib:/lustre/INHouse/CentOS/wx/2.8/lib:/lib:/usr/lib:/usr/local/lib:/opt/Autodesk/Adlm/R4/lib64
SHELL=/bin/bash
DISPLAY=:0.0

Signal Handlers:
SIGSEGV: [libjvm.so+0x85d610], sa_mask[0]=0x7ffbfeff, sa_flags=0x10000004
SIGBUS: [libjvm.so+0x85d610], sa_mask[0]=0x7ffbfeff, sa_flags=0x10000004
SIGFPE: [libjvm.so+0x703050], sa_mask[0]=0x7ffbfeff, sa_flags=0x10000004
SIGPIPE: SIG_IGN, sa_mask[0]=0x00001000, sa_flags=0x10000000
SIGXFSZ: [libjvm.so+0x703050], sa_mask[0]=0x7ffbfeff, sa_flags=0x10000004
SIGILL: [libjvm.so+0x703050], sa_mask[0]=0x7ffbfeff, sa_flags=0x10000004
SIGUSR1: SIG_DFL, sa_mask[0]=0x00000000, sa_flags=0x00000000
SIGUSR2: [libjvm.so+0x706490], sa_mask[0]=0x00000000, sa_flags=0x10000004
SIGHUP: [libjvm.so+0x704610], sa_mask[0]=0x7ffbfeff, sa_flags=0x10000004
SIGINT: [libjvm.so+0x704610], sa_mask[0]=0x7ffbfeff, sa_flags=0x10000004
SIGTERM: [libjvm.so+0x704610], sa_mask[0]=0x7ffbfeff, sa_flags=0x10000004
SIGQUIT: [libjvm.so+0x704610], sa_mask[0]=0x7ffbfeff, sa_flags=0x10000004


---------------  S Y S T E M  ---------------

OS:CentOS release 5.6 (Final)

uname:Linux 2.6.18-238.12.1.el5 #1 SMP Tue May 31 13:12:32 EDT 2011 x86_64
libc:glibc 2.5 NPTL 2.5 
rlimit: STACK 102400k, CORE 0k, NPROC 135168, NOFILE 1024000, AS infinity
load average:0.09 0.05 0.02

/proc/meminfo:
MemTotal:     16438996 kB
MemFree:       6119988 kB
Buffers:        192120 kB
Cached:        8234772 kB
SwapCached:          0 kB
Active:        4236700 kB
Inactive:      5593484 kB
HighTotal:           0 kB
HighFree:            0 kB
LowTotal:     16438996 kB
LowFree:       6119988 kB
SwapTotal:    16779884 kB
SwapFree:     16779884 kB
Dirty:          960956 kB
Writeback:           0 kB
AnonPages:     1403020 kB
Mapped:         185648 kB
Slab:           399096 kB
PageTables:      31112 kB
NFS_Unstable:        0 kB
Bounce:              0 kB
CommitLimit:  24999380 kB
Committed_AS:  6667772 kB
VmallocTotal: 34359738367 kB
VmallocUsed:    308040 kB
VmallocChunk: 34359430227 kB
HugePages_Total:     0
HugePages_Free:      0
HugePages_Rsvd:      0
Hugepagesize:     2048 kB


CPU:total 4 (4 cores per cpu, 1 threads per core) family 6 model 30 stepping 5, cmov, cx8, fxsr, mmx, sse, sse2, sse3, ssse3, sse4.1, sse4.2, popcnt

Memory: 4k page, physical 16438996k(6119988k free), swap 16779884k(16779884k free)

vm_info: OpenJDK 64-Bit Server VM (20.0-b11) for linux-amd64 JRE (1.6.0_22-b22), built on Feb 23 2012 21:14:25 by "mockbuild" with gcc 4.1.2 20080704 (Red Hat 4.1.2-52)

time: Wed Apr  4 21:51:57 2012
elapsed time: 17052 seconds

